  applepie.cpp
f:\pie\pie\pie.h(5): error C2039: “string”: 不是“std”的成员
  f:\pie\pie\predefined c++ types (compiler internal)(256): note: 参见“std”的声明
f:\pie\pie\pie.h(5): error C3646: “tastiness”: 未知重写说明符
f:\pie\pie\pie.h(5): error C2059: 语法错误:“(”
f:\pie\pie\pie.h(5): error C2238: 意外的标记位于“;”之前
f:\pie\pie\pie.h(6): error C2039: “string”: 不是“std”的成员
  f:\pie\pie\predefined c++ types (compiler internal)(256): note: 参见“std”的声明
f:\pie\pie\pie.h(6): error C3646: “description”: 未知重写说明符
f:\pie\pie\pie.h(6): error C2059: 语法错误:“(”
f:\pie\pie\pie.h(6): error C2238: 意外的标记位于“;”之前
f:\pie\pie\applepie.h(8): error C2039: “string”: 不是“std”的成员
  f:\pie\pie\predefined c++ types (compiler internal)(256): note: 参见“std”的声明
f:\pie\pie\applepie.h(8): error C3646: “description”: 未知重写说明符
f:\pie\pie\applepie.h(8): error C2059: 语法错误:“(”
f:\pie\pie\applepie.h(8): error C2238: 意外的标记位于“;”之前
f:\pie\pie\applepie.h(9): error C2039: “string”: 不是“std”的成员
  f:\pie\pie\predefined c++ types (compiler internal)(256): note: 参见“std”的声明
f:\pie\pie\applepie.h(9): error C3646: “tastiness”: 未知重写说明符
f:\pie\pie\applepie.h(9): error C2059: 语法错误:“(”
f:\pie\pie\applepie.h(9): error C2238: 意外的标记位于“;”之前
  apricotpie.cpp
f:\pie\pie\pie.h(5): error C2039: “string”: 不是“std”的成员
  f:\pie\pie\predefined c++ types (compiler internal)(256): note: 参见“std”的声明
f:\pie\pie\pie.h(5): error C3646: “tastiness”: 未知重写说明符
f:\pie\pie\pie.h(5): error C2059: 语法错误:“(”
f:\pie\pie\pie.h(5): error C2238: 意外的标记位于“;”之前
f:\pie\pie\pie.h(6): error C2039: “string”: 不是“std”的成员
  f:\pie\pie\predefined c++ types (compiler internal)(256): note: 参见“std”的声明
f:\pie\pie\pie.h(6): error C3646: “description”: 未知重写说明符
f:\pie\pie\pie.h(6): error C2059: 语法错误:“(”
f:\pie\pie\pie.h(6): error C2238: 意外的标记位于“;”之前
f:\pie\pie\apricotpie.h(8): error C2039: “string”: 不是“std”的成员
  f:\pie\pie\predefined c++ types (compiler internal)(256): note: 参见“std”的声明
f:\pie\pie\apricotpie.h(8): error C3646: “description”: 未知重写说明符
f:\pie\pie\apricotpie.h(8): error C2059: 语法错误:“(”
f:\pie\pie\apricotpie.h(8): error C2238: 意外的标记位于“;”之前
f:\pie\pie\apricotpie.h(9): error C2039: “string”: 不是“std”的成员
  f:\pie\pie\predefined c++ types (compiler internal)(256): note: 参见“std”的声明
f:\pie\pie\apricotpie.h(9): error C3646: “tastiness”: 未知重写说明符
f:\pie\pie\apricotpie.h(9): error C2059: 语法错误:“(”
f:\pie\pie\apricotpie.h(9): error C2238: 意外的标记位于“;”之前
  pie.cpp
f:\pie\pie\pie.h(5): error C2039: “string”: 不是“std”的成员
  f:\pie\pie\predefined c++ types (compiler internal)(256): note: 参见“std”的声明
f:\pie\pie\pie.h(5): error C3646: “tastiness”: 未知重写说明符
f:\pie\pie\pie.h(5): error C2059: 语法错误:“(”
f:\pie\pie\pie.h(5): error C2238: 意外的标记位于“;”之前
f:\pie\pie\pie.h(6): error C2039: “string”: 不是“std”的成员
  f:\pie\pie\predefined c++ types (compiler internal)(256): note: 参见“std”的声明
f:\pie\pie\pie.h(6): error C3646: “description”: 未知重写说明符
f:\pie\pie\pie.h(6): error C2059: 语法错误:“(”
f:\pie\pie\pie.h(6): error C2238: 意外的标记位于“;”之前
f:\pie\pie\pie.cpp(7): error C2039: “tastiness”: 不是“pie”的成员
  f:\pie\pie\pie.h(2): note: 参见“pie”的声明
  raspberrypie.cpp
f:\pie\pie\pie.h(5): error C2039: “string”: 不是“std”的成员
  f:\pie\pie\predefined c++ types (compiler internal)(256): note: 参见“std”的声明
f:\pie\pie\pie.h(5): error C3646: “tastiness”: 未知重写说明符
f:\pie\pie\pie.h(5): error C2059: 语法错误:“(”
f:\pie\pie\pie.h(5): error C2238: 意外的标记位于“;”之前
f:\pie\pie\pie.h(6): error C2039: “string”: 不是“std”的成员
  f:\pie\pie\predefined c++ types (compiler internal)(256): note: 参见“std”的声明
f:\pie\pie\pie.h(6): error C3646: “description”: 未知重写说明符
f:\pie\pie\pie.h(6): error C2059: 语法错误:“(”
f:\pie\pie\pie.h(6): error C2238: 意外的标记位于“;”之前
f:\pie\pie\raspberrypie.h(10): error C2039: “string”: 不是“std”的成员
  f:\pie\pie\predefined c++ types (compiler internal)(256): note: 参见“std”的声明
f:\pie\pie\raspberrypie.h(10): error C3646: “description”: 未知重写说明符
f:\pie\pie\raspberrypie.h(10): error C2059: 语法错误:“(”
f:\pie\pie\raspberrypie.h(10): error C2238: 意外的标记位于“;”之前
f:\pie\pie\raspberrypie.h(11): error C2039: “string”: 不是“std”的成员
  f:\pie\pie\predefined c++ types (compiler internal)(256): note: 参见“std”的声明
f:\pie\pie\raspberrypie.h(11): error C3646: “description”: 未知重写说明符
f:\pie\pie\raspberrypie.h(11): error C2059: 语法错误:“(”
f:\pie\pie\raspberrypie.h(11): error C2238: 意外的标记位于“;”之前
f:\pie\pie\raspberrypie.h(12): error C2039: “string”: 不是“std”的成员
  f:\pie\pie\predefined c++ types (compiler internal)(256): note: 参见“std”的声明
f:\pie\pie\raspberrypie.h(12): error C3646: “tastiness”: 未知重写说明符
f:\pie\pie\raspberrypie.h(12): error C2059: 语法错误:“(”
f:\pie\pie\raspberrypie.h(12): error C2238: 意外的标记位于“;”之前
  源.cpp
f:\pie\pie\raspberrypie.h(11): error C2535: “std::string RaspberryPie::description(void) const”: 已经定义或声明成员函数
  f:\pie\pie\raspberrypie.h(10): note: 参见“RaspberryPie::description”的声明
f:\pie\pie\源.cpp(23): warning C4474: printf: 格式字符串中传递的参数太多
  f:\pie\pie\源.cpp(23): note: 占位符和其参数预计 0 可变参数，但提供的却是 1 参数
f:\pie\pie\源.cpp(24): warning C4474: printf: 格式字符串中传递的参数太多
  f:\pie\pie\源.cpp(24): note: 占位符和其参数预计 0 可变参数，但提供的却是 1 参数
f:\pie\pie\源.cpp(10): error C4996: 'scanf': This function or variable may be unsafe. Consider using scanf_s instead. To disable deprecation, use _CRT_SECURE_NO_WARNINGS. See online help for details.
  c:\program files (x86)\windows kits\10\include\10.0.17763.0\ucrt\stdio.h(1274): note: 参见“scanf”的声明
  正在生成代码...
